D:\NAMELESS\TEMP\源代码\WIN32PROJECT2\RELEASE\源.OBJ
D:\NAMELESS\TEMP\源代码\WIN32PROJECT2\RELEASE\VC110.PDB
D:\NAMELESS\TEMP\源代码\WIN32PROJECT2\RELEASE\RESOURCE.RES
D:\nameless\temp\源代码\Win32Project2\Release\源.obj
D:\nameless\temp\源代码\Win32Project2\Release\cl.command.1.tlog
D:\nameless\temp\源代码\Win32Project2\Release\CL.read.1.tlog
D:\nameless\temp\源代码\Win32Project2\Release\CL.write.1.tlog
D:\nameless\temp\源代码\Win32Project2\Release\link-cvtres.read.1.tlog
D:\nameless\temp\源代码\Win32Project2\Release\link-cvtres.write.1.tlog
D:\nameless\temp\源代码\Win32Project2\Release\link-rc.read.1.tlog
D:\nameless\temp\源代码\Win32Project2\Release\link-rc.write.1.tlog
D:\nameless\temp\源代码\Win32Project2\Release\link.command.1.tlog
D:\nameless\temp\源代码\Win32Project2\Release\link.read.1.tlog
D:\nameless\temp\源代码\Win32Project2\Release\link.write.1.tlog
D:\nameless\temp\源代码\Win32Project2\Release\rc.command.1.tlog
D:\nameless\temp\源代码\Win32Project2\Release\rc.read.1.tlog
D:\nameless\temp\源代码\Win32Project2\Release\rc.write.1.tlog
D:\nameless\temp\源代码\Win32Project2\Release\Resource.res
D:\nameless\temp\源代码\Win32Project2\Release\vc110.pdb
D:\nameless\temp\源代码\Release\Win32Project2.pdb
